<?xml version="1.0" encoding="UTF-8"?>
<testng-results skipped="0" failed="0" total="1" passed="1">
  <reporter-output>
  </reporter-output>
  <suite name="Default suite" duration-ms="7513" started-at="2022-12-24T10:19:48Z" finished-at="2022-12-24T10:19:55Z">
    <groups>
      <group name="cucumber">
        <method signature="AbstractTestNGCucumberTests.feature(cucumber.api.testng.CucumberFeatureWrapper)[pri:0, instance:testRunner.new_Account_Registration@6a41eaa2]" name="feature" class="cucumber.api.testng.AbstractTestNGCucumberTests"/>
      </group> <!-- cucumber -->
    </groups>
    <test name="Default test" duration-ms="7513" started-at="2022-12-24T10:19:48Z" finished-at="2022-12-24T10:19:55Z">
      <class name="testRunner.new_Account_Registration">
        <test-method status="PASS" signature="setUpClass()[pri:0, instance:testRunner.new_Account_Registration@6a41eaa2]" name="setUpClass" is-config="true" duration-ms="176" started-at="2022-12-24T15:49:48Z" finished-at="2022-12-24T15:49:48Z">
          <reporter-output>
          </reporter-output>
        </test-method> <!-- setUpClass -->
        <test-method status="PASS" signature="feature(cucumber.api.testng.CucumberFeatureWrapper)[pri:0, instance:testRunner.new_Account_Registration@6a41eaa2]" name="feature" duration-ms="7246" started-at="2022-12-24T15:49:48Z" description="Runs Cucumber Feature" data-provider="features" finished-at="2022-12-24T15:49:55Z">
          <params>
            <param index="0">
              <value>
                <![CDATA[Registration]]>
              </value>
            </param>
          </params>
          <reporter-output>
          </reporter-output>
        </test-method> <!-- feature -->
        <test-method status="PASS" signature="tearDownClass()[pri:0, instance:testRunner.new_Account_Registration@6a41eaa2]" name="tearDownClass" is-config="true" duration-ms="18" started-at="2022-12-24T15:49:55Z" finished-at="2022-12-24T15:49:55Z">
          <reporter-output>
          </reporter-output>
        </test-method> <!-- tearDownClass -->
      </class> <!-- testRunner.new_Account_Registration -->
    </test> <!-- Default test -->
  </suite> <!-- Default suite -->
</testng-results>
